<?xml version="1.0" encoding="UTF-8"?>
<!-- Generated by org.testng.reporters.JUnitReportReporter -->
<testsuite hostname="GUDDU-PC" failures="0" tests="1" name="com.hrms.testscripts.Tc_002" time="35.890" errors="0" timestamp="5 Jun 2020 14:27:50 GMT">
  <testcase classname="com.hrms.testscripts.Tc_002" name="addemployee" time="35.890"/>
</testsuite> <!-- com.hrms.testscripts.Tc_002 -->
