<?xml version="1.0" encoding="UTF-8"?>
<!-- Generated by org.testng.reporters.JUnitReportReporter -->
<testsuite hostname="GUDDU-PC" failures="0" tests="1" name="com.hrms.testscripts.Tc_001" time="18.985" errors="0" timestamp="5 Jun 2020 14:27:50 GMT">
  <testcase classname="com.hrms.testscripts.Tc_001" name="Startup" time="18.985"/>
</testsuite> <!-- com.hrms.testscripts.Tc_001 -->
